/
form
article/100
2018-06-08 02:11:26你访问的路径是form
2018-06-08 10:13:26你访问的路径是article/admin/user/index
2018-06-08 11:06:31你访问的路径是shezhi
2018-06-08 11:11:23你访问的路径是shezhi
2018-06-08 11:11:23你访问的路径是test
2018-06-08 11:11:30你访问的路径是s
2018-06-08 11:11:37你访问的路径是shezhi
2018-06-08 20:37:42你访问的路径是/
2018-06-08 20:39:05你访问的路径是/
2018-06-09 10:40:37你访问的路径是/
2018-06-09 10:40:52你访问的路径是admin/add
2018-06-09 11:00:51你访问的路径是shezhi1
2018-06-09 11:02:24你访问的路径是shezhi1
2018-06-09 11:02:30你访问的路径是/
2018-06-09 11:02:36你访问的路径是shop
2018-06-09 11:02:44你访问的路径是shezhi1
2018-06-09 11:03:44你访问的路径是shezhi1
2018-06-09 11:03:45你访问的路径是shezhi1
2018-06-09 11:04:04你访问的路径是shezhi1
2018-06-09 11:04:51你访问的路径是shezhi1
2018-06-09 11:04:53你访问的路径是shezhi1
2018-06-09 11:05:51你访问的路径是shezhi1
2018-06-09 11:06:22你访问的路径是she
2018-06-09 11:10:28你访问的路径是test
2018-06-09 11:10:51你访问的路径是shezhi
2018-06-09 11:10:52你访问的路径是test
2018-06-09 11:12:54你访问的路径是she
2018-06-09 11:12:55你访问的路径是aa
2018-06-09 11:13:10你访问的路径是aa
2018-06-09 11:13:31你访问的路径是a
2018-06-09 11:13:36你访问的路径是she
2018-06-09 11:31:00你访问的路径是add
2018-06-09 11:31:38你访问的路径是add
2018-06-09 11:32:53你访问的路径是add/10
2018-06-09 11:33:51你访问的路径是add/10
2018-06-09 11:33:57你访问的路径是add/10
2018-06-09 11:34:01你访问的路径是add/10
2018-06-09 11:34:04你访问的路径是add
2018-06-09 11:35:47你访问的路径是add
2018-06-09 11:39:29你访问的路径是delete/100
2018-06-09 11:39:34你访问的路径是delete
2018-06-09 11:40:04你访问的路径是delete
2018-06-09 11:40:11你访问的路径是delet10
2018-06-09 11:40:18你访问的路径是delet/10
2018-06-09 11:40:28你访问的路径是delete
2018-06-09 11:40:34你访问的路径是delete/10
2018-06-09 12:13:13你访问的路径是user
2018-06-09 12:16:20你访问的路径是user
2018-06-09 12:17:27你访问的路径是user
2018-06-09 12:17:29你访问的路径是user
2018-06-09 12:17:55你访问的路径是user
2018-06-09 12:17:57你访问的路径是user
2018-06-09 12:18:19你访问的路径是user/a
2018-06-09 12:19:56你访问的路径是user/a
2018-06-09 12:20:17你访问的路径是user/a/10/555
2018-06-09 12:20:54你访问的路径是user/a/10/555
2018-06-09 12:25:22你访问的路径是aa
2018-06-09 12:25:51你访问的路径是aa/10
2018-06-09 12:27:50你访问的路径是b
2018-06-09 12:27:56你访问的路径是b
2018-06-09 12:28:03你访问的路径是b
2018-06-09 12:28:10你访问的路径是b/10
2018-06-10 14:09:31你访问的路径是/
2018-06-10 14:09:37你访问的路径是/
2018-06-10 14:09:50你访问的路径是a
2018-06-10 14:12:00你访问的路径是/
2018-06-10 14:12:05你访问的路径是a
2018-06-10 14:13:11你访问的路径是a
2018-06-10 14:14:12你访问的路径是/
2018-06-10 14:14:17你访问的路径是/
2018-06-10 14:14:54你访问的路径是a
2018-06-10 14:16:42你访问的路径是a
2018-06-10 14:22:23你访问的路径是a
2018-06-10 14:22:25你访问的路径是a
2018-06-10 14:31:58你访问的路径是b
2018-06-10 14:33:51你访问的路径是b
2018-06-10 14:33:52你访问的路径是b
2018-06-10 14:33:53你访问的路径是b
2018-06-10 14:33:53你访问的路径是b
2018-06-10 14:33:53你访问的路径是b
2018-06-10 14:33:54你访问的路径是b
2018-06-10 14:33:54你访问的路径是b
2018-06-10 14:33:54你访问的路径是b
2018-06-10 14:37:16你访问的路径是/
2018-06-10 14:37:38你访问的路径是member
2018-06-10 14:38:09你访问的路径是member
2018-06-10 14:38:45你访问的路径是member
2018-06-10 14:39:00你访问的路径是member
